<?xml version="1.0" encoding="UTF-8"?>
<!-- Generated by org.testng.reporters.JUnitXMLReporter -->
<testsuite ignored="0" hostname="DESKTOP-2SC03QH" failures="1" tests="2" name="Default test" time="22.074" errors="0" timestamp="2025-02-19T15:19:01 IST">
  <testcase classname="io.cucumber.testng.AbstractTestNGCucumberTests" name="runScenario" time="15.761">
    <failure type="java.lang.NullPointerException" message="Cannot invoke &amp;quot;org.openqa.selenium.WebElement.isDisplayed()&amp;quot; because &amp;quot;this.forgotPassword&amp;quot; is null">
      <![CDATA[java.lang.NullPointerException: Cannot invoke "org.openqa.selenium.WebElement.isDisplayed()" because "this.forgotPassword" is null
at pagefactory.LoginPageFactory.isForgotPasswordLinkPresent(LoginPageFactory.java:60)
at stepdefinitions.LoginStepDef.user_verifies_forgot_password_link_display(LoginStepDef.java:49)
at ✽.User verifies Forgot password link display(classpath:features/Login.feature:17)
]]>
    </failure>
  </testcase> <!-- runScenario -->
  <testcase classname="io.cucumber.testng.AbstractTestNGCucumberTests" name="runScenario" time="17.819"/>
</testsuite> <!-- Default test -->
