<?xml version="1.0" encoding="UTF-8"?>
<testng-results ignored="0" total="2" passed="1" failed="1" skipped="0">
  <reporter-output>
  </reporter-output>
  <suite started-at="2025-02-19T15:18:39 IST" name="Default suite" finished-at="2025-02-19T15:19:01 IST" duration-ms="22074">
    <groups>
      <group name="cucumber">
        <method signature="AbstractTestNGCucumberTests.runScenario(io.cucumber.testng.PickleWrapper,io.cucumber.testng.FeatureWrapper)[pri:0, instance:runners.CucumberRunnerTest@397fbdb]" name="runScenario" class="io.cucumber.testng.AbstractTestNGCucumberTests"/>
      </group> <!-- cucumber -->
    </groups>
    <test started-at="2025-02-19T15:18:39 IST" name="Default test" finished-at="2025-02-19T15:19:01 IST" duration-ms="22074">
      <class name="runners.CucumberRunnerTest">
        <test-method is-config="true" signature="setUpClass(org.testng.ITestContext)[pri:0, instance:runners.CucumberRunnerTest@397fbdb]" started-at="2025-02-19T15:18:39 IST" name="setUpClass" finished-at="2025-02-19T15:18:40 IST" duration-ms="662" status="PASS">
          <params>
            <param index="0">
              <value>
                <![CDATA[org.testng.TestRunner@650ae78c]]>
              </value>
            </param>
          </params>
          <reporter-output>
          </reporter-output>
        </test-method> <!-- setUpClass -->
        <test-method signature="runScenario(io.cucumber.testng.PickleWrapper,io.cucumber.testng.FeatureWrapper)[pri:0, instance:runners.CucumberRunnerTest@397fbdb]" started-at="2025-02-19T15:18:40 IST" name="runScenario" description="Runs Cucumber Scenarios" data-provider="scenarios" finished-at="2025-02-19T15:18:55 IST" duration-ms="15761" status="FAIL">
          <params>
            <param index="0">
              <value>
                <![CDATA["Forgot password link verification"]]>
              </value>
            </param>
            <param index="1">
              <value>
                <![CDATA["Login page validations"]]>
              </value>
            </param>
          </params>
          <exception class="java.lang.NullPointerException">
            <message>
              <![CDATA[Cannot invoke "org.openqa.selenium.WebElement.isDisplayed()" because "this.forgotPassword" is null]]>
            </message>
            <full-stacktrace>
              <![CDATA[java.lang.NullPointerException: Cannot invoke "org.openqa.selenium.WebElement.isDisplayed()" because "this.forgotPassword" is null
at pagefactory.LoginPageFactory.isForgotPasswordLinkPresent(LoginPageFactory.java:60)
at stepdefinitions.LoginStepDef.user_verifies_forgot_password_link_display(LoginStepDef.java:49)
at ✽.User verifies Forgot password link display(classpath:features/Login.feature:17)
]]>
            </full-stacktrace>
          </exception> <!-- java.lang.NullPointerException -->
          <reporter-output>
          </reporter-output>
        </test-method> <!-- runScenario -->
        <test-method signature="runScenario(io.cucumber.testng.PickleWrapper,io.cucumber.testng.FeatureWrapper)[pri:0, instance:runners.CucumberRunnerTest@397fbdb]" started-at="2025-02-19T15:18:40 IST" name="runScenario" description="Runs Cucumber Scenarios" data-provider="scenarios" finished-at="2025-02-19T15:18:57 IST" duration-ms="17819" status="PASS">
          <params>
            <param index="0">
              <value>
                <![CDATA["Login to Orange HRM"]]>
              </value>
            </param>
            <param index="1">
              <value>
                <![CDATA["Login page validations"]]>
              </value>
            </param>
          </params>
          <reporter-output>
          </reporter-output>
        </test-method> <!-- runScenario -->
        <test-method is-config="true" signature="tearDownClass()[pri:0, instance:runners.CucumberRunnerTest@397fbdb]" started-at="2025-02-19T15:18:57 IST" name="tearDownClass" finished-at="2025-02-19T15:19:01 IST" duration-ms="3556" status="PASS">
          <reporter-output>
          </reporter-output>
        </test-method> <!-- tearDownClass -->
        <test-method is-config="true" signature="afterSuite()[pri:0, instance:runners.CucumberRunnerTest@397fbdb]" started-at="2025-02-19T15:19:01 IST" name="afterSuite" finished-at="2025-02-19T15:19:01 IST" duration-ms="0" status="PASS">
          <reporter-output>
          </reporter-output>
        </test-method> <!-- afterSuite -->
      </class> <!-- runners.CucumberRunnerTest -->
    </test> <!-- Default test -->
  </suite> <!-- Default suite -->
</testng-results>
