<?xml version="1.0" encoding="UTF-8"?>
<!-- Generated by org.testng.reporters.JUnitReportReporter -->
<testsuite hostname="DESKTOP-2SC03QH" failures="0" tests="2" name="runners.CucumberRunnerTest" time="33.580" errors="1" timestamp="2025-02-19T15:19:01 IST" skipped="0">
  <testcase classname="runners.CucumberRunnerTest" name="runScenario" time="15.761">
    <error message="Cannot invoke &quot;org.openqa.selenium.WebElement.isDisplayed()&quot; because &quot;this.forgotPassword&quot; is null" type="java.lang.NullPointerException">
      <![CDATA[java.lang.NullPointerException: Cannot invoke "org.openqa.selenium.WebElement.isDisplayed()" because "this.forgotPassword" is null
at pagefactory.LoginPageFactory.isForgotPasswordLinkPresent(LoginPageFactory.java:60)
at stepdefinitions.LoginStepDef.user_verifies_forgot_password_link_display(LoginStepDef.java:49)
at ✽.User verifies Forgot password link display(classpath:features/Login.feature:17)
]]>
    </error>
  </testcase> <!-- runScenario -->
  <system-out/>
  <testcase classname="runners.CucumberRunnerTest" name="runScenario" time="17.819"/>
  <system-out/>
</testsuite> <!-- runners.CucumberRunnerTest -->
